[334382][1696177221503][main][info]["Booting Postman 10.18.7, linux-6.5.4-arch2-1 on x64"]
[334382][1696177221504][main][info]["EventBus~initialize - Success"]
[334382][1696177221506][main][info]["Proxy configuration has not been setup"]
[334382][1696177221506][main][info]["CloudProxyManager~init - Success"]
[334382][1696177221509][main][info]["performShellDataMigration: Starting shell data migration"]
[334382][1696177221509][main][info]["migrateShellData:Starting"]
[334382][1696177221516][main][info]["migrateShellData: Old storage cleaned up"]
[334382][1696177221696][main][info]["migrateShellData: Got data from shell. Writing to storage"]
[334382][1696177221698][main][info]["performShellDataMigration: Migration successful on try count 1"]
[334382][1696177221701][main][info]["UpdateHandler~init - Success"]
[334382][1696177221703][main][info]["LeaderSelection: Initialized successfully"]
[334382][1696177221703][main][info]["VersionDependencyService: Initialized successfully"]
[334382][1696177221729][main][info]["Generated root certificate for linux"]
[334382][1696177221730][main][info]["LinuxAutoUpdater~Cleanup - Initial cleanup successful"]
[334382][1696177221737][main][info]["GPU detected VID 4318 DID 9476 ACTIVE true"]
[334382][1696177221751][main][info]["shellController~init: Success"]
[334382][1696177221762][main][info]["shellMeta~init: Success"]
[334382][1696177221762][main][info]["partitionMigrationService: State of V7 partition:"]
[334382][1696177221763][main][info]["partitionMigrationService: V7 partitions",[]]
[334382][1696177221763][main][info]["partitionMigrationService~rectifyNamespaceOfScratchPadPartition: There is no partition with scratchpad namespace"]
[334382][1696177221763][main][info]["partitionMigrationService~rectifyNamespaceOfScratchPadPartition: There is no transit partition which could have been used for scratchpad"]
[334382][1696177221763][main][info]["partitionMigrationService~init: Success"]
[334382][1696177221766][main][info]["partitionMigrationService~runV8PartitionsIntegrity: Two way migration~ removing the following partitions from v8",[]]
[334382][1696177221768][main][info]["userPartitionService~_rectifyTheActivePartitionOfApplication: Setting the active partition to ",null]
[334382][1696177221769][main][info]["proxyCertificateService~ensureRootCAPresence: Deleting and creating new certificates"]
[334382][1696177221771][main][info]["userPartitionService~init: Success"]
[334382][1696177221777][main][info]["userPartitionService: State of v8 partition system:"]
[334382][1696177221778][main][info]["shell~init~getPartitionToLoad: loading scratchpad partition"]
[334382][1696177221779][main][info]["userPartitionService: List of partitions:",[]]
[334382][1696177221779][main][info]["userPartitionService: users global meta:",{}]
[334382][1696177222692][main][info]["RuntimeIPCAgent~started: Success"]
[334382][1696177222865][main][info]["Main~scratchpadThemeAction:: action: set, value: light"]
[334382][1696177222867][main][info]["Main~scratchpadThemeAction:: action: set, value: light"]
[334382][1696177222867][main][info]["Main~scratchpadThemeAction:: action: set, value: light"]
[334382][1696177222874][main][info]["UpdateHandler~app-update-events - Received event",{"name":"checkForElectronVersionUpdated","namespace":"appUpdate"}]
[334382][1696177222878][main][info]["windowManager: First requester booted successfully."]
[334382][1696177222878][main][info]["windowManager~restoreWindows: Restoring requester windows"]
[334382][1696177222878][main][info]["Main~AppEvents - Received booted event for process requester.Version undefined UI Version: undefined Desktop Platform Version: 10.18.7"]
[334382][1696177224765][main][info]["WindowManager~closeHandler - Closed Window (id: 2 )"]
[334382][1696177224779][main][info]["Quitting app"]
[195738][1696553263779][main][info]["Booting Postman 10.18.7, linux-6.5.4-arch2-1 on x64"]
[195738][1696553263781][main][info]["EventBus~initialize - Success"]
[195738][1696553263782][main][info]["Proxy configuration has not been setup"]
[195738][1696553263782][main][info]["CloudProxyManager~init - Success"]
[195738][1696553263795][main][info]["performShellDataMigration: Migration has already been done. Bailing out"]
[195738][1696553263799][main][info]["UpdateHandler~init - Success"]
[195738][1696553263800][main][info]["LeaderSelection: Initialized successfully"]
[195738][1696553263800][main][info]["VersionDependencyService: Initialized successfully"]
[195738][1696553263803][main][info]["LinuxAutoUpdater~Cleanup - Initial cleanup successful"]
[195738][1696553263810][main][info]["GPU detected VID 4318 DID 9476 ACTIVE true"]
[195738][1696553263820][main][info]["shellController~init: Success"]
[195738][1696553263822][main][info]["shellMeta~init: Success"]
[195738][1696553263822][main][info]["partitionMigrationService: State of V7 partition:"]
[195738][1696553263822][main][info]["partitionMigrationService: V7 partitions",[]]
[195738][1696553263822][main][info]["partitionMigrationService~rectifyNamespaceOfScratchPadPartition: There is no partition with scratchpad namespace"]
[195738][1696553263823][main][info]["partitionMigrationService~rectifyNamespaceOfScratchPadPartition: There is no transit partition which could have been used for scratchpad"]
[195738][1696553263823][main][info]["partitionMigrationService~init: Success"]
[195738][1696553263826][main][info]["partitionMigrationService~runV8PartitionsIntegrity: Two way migration~ removing the following partitions from v8",[]]
[195738][1696553263829][main][info]["userPartitionService~_rectifyTheActivePartitionOfApplication: Setting the active partition to ",null]
[195738][1696553263832][main][info]["userPartitionService~init: Success"]
[195738][1696553263840][main][info]["userPartitionService: State of v8 partition system:"]
[195738][1696553263841][main][info]["shell~init~getPartitionToLoad: loading scratchpad partition"]
[195738][1696553263841][main][info]["userPartitionService: List of partitions:",[{"partitionId":"d2f9ef1e-728a-4380-906c-3c643117e663","namespace":"scratchPad","userId":0,"teamId":0,"isDirty":false}]]
[195738][1696553263842][main][info]["userPartitionService: users global meta:",{}]
[195738][1696553265413][main][info]["RuntimeIPCAgent~started: Success"]
[195738][1696553265488][main][info]["Main~scratchpadThemeAction:: action: set, value: light"]
[195738][1696553265489][main][info]["Main~scratchpadThemeAction:: action: set, value: light"]
[195738][1696553265489][main][info]["Main~scratchpadThemeAction:: action: set, value: light"]
[195738][1696553265500][main][info]["UpdateHandler~app-update-events - Received event",{"name":"checkForElectronVersionUpdated","namespace":"appUpdate"}]
[195738][1696553265504][main][info]["windowManager: First requester booted successfully."]
[195738][1696553265504][main][info]["windowManager~restoreWindows: Restoring requester windows"]
[195738][1696553265504][main][info]["Main~AppEvents - Received booted event for process requester.Version undefined UI Version: undefined Desktop Platform Version: 10.18.7"]
[195738][1696553276420][main][info]["UpdateHandler~app-update-events - Received event",{"name":"updateElectron","namespace":"appUpdate","data":{"channel":"stable","version":"10.18.7","downloadVersion":"10.18.10","appId":"b7f02c4a-0717-4c82-a10c-735d4ad0c2f2","userAgent":"Mozilla/5.0 (X11; Linux x86_64) AppleWebKit/537.36 (KHTML, like Gecko) Postman/10.18.7 Chrome/100.0.4896.160 Electron/18.3.5 Safari/537.36","platform":"LINUX","arch":"64","downloadURL":"https://dl.pstmn.io/download/version/10.18.10/linux_64","updateServerDomain":"https://dl.pstmn.io/","additionalParamsString":"installationId=b7f02c4a-0717-4c82-a10c-735d4ad0c2f2&userId=0&syncEnabled=false&teamPlan=&teamId=0","userId":"0"}}]
[195738][1696553276421][main][info]["LinuxUpdater~downloadUpdate - UpdateInfo received",{"channel":"stable","version":"10.18.7","downloadVersion":"10.18.10","appId":"b7f02c4a-0717-4c82-a10c-735d4ad0c2f2","userAgent":"Mozilla/5.0 (X11; Linux x86_64) AppleWebKit/537.36 (KHTML, like Gecko) Postman/10.18.7 Chrome/100.0.4896.160 Electron/18.3.5 Safari/537.36","platform":"LINUX","arch":"64","downloadURL":"https://dl.pstmn.io/download/version/10.18.10/linux_64","updateServerDomain":"https://dl.pstmn.io/","additionalParamsString":"installationId=b7f02c4a-0717-4c82-a10c-735d4ad0c2f2&userId=0&syncEnabled=false&teamPlan=&teamId=0","userId":"0"}]
[195738][1696553276728][main][info]["@postman/app-updater: error",{"errno":-13,"code":"EACCES","syscall":"open","path":"/opt/postman/Postman-1696553276421.tar.gz","name":"Error","message":"EACCES: permission denied, open '/opt/postman/Postman-1696553276421.tar.gz'","stack":"Error: EACCES: permission denied, open '/opt/postman/Postman-1696553276421.tar.gz'"},{"packageName":"Postman","eID":"Postman-1696553276421","downloadURL":"https://dl.pstmn.io/download/version/10.18.10/linux_64","downloadDirectory":"/opt/postman","downloadInfo":{"status":"DOWNLOAD_ERROR","error":{"errno":-13,"code":"EACCES","syscall":"open","path":"/opt/postman/Postman-1696553276421.tar.gz"},"downloadDirectory":"/opt/postman"}}]
[195738][1696553276730][main][info]["UpdateHandler~app-update-events - Received event",{"name":"electronAppUpdateError","namespace":"appUpdate","data":{"error":{"errno":-13,"code":"EACCES","syscall":"open","path":"/opt/postman/Postman-1696553276421.tar.gz","name":"Error","message":"EACCES: permission denied, open '/opt/postman/Postman-1696553276421.tar.gz'","stack":"Error: EACCES: permission denied, open '/opt/postman/Postman-1696553276421.tar.gz'"},"updateData":{"packageName":"Postman","eID":"Postman-1696553276421","downloadURL":"https://dl.pstmn.io/download/version/10.18.10/linux_64","downloadDirectory":"/opt/postman","downloadInfo":{"status":"DOWNLOAD_ERROR","error":{"errno":-13,"code":"EACCES","syscall":"open","path":"/opt/postman/Postman-1696553276421.tar.gz"},"downloadDirectory":"/opt/postman"}}}}]
[195738][1696553276746][main][info]["VersionDependencyService: Resetting UI version as user logged out/switched account"]
[195738][1696553276746][main][info]["Main - model-events~user - (users, add) received"]
[195738][1696553277072][main][warn]["AuthHandler~open: Current app is not default protocol client - Falling back to polling mechanism."]
[195738][1696553293998][main][info]["Shell~init~loginUser: associating the user ","19702064"," with transit partition"]
[195738][1696553293998][main][info]["userPartitionService~getNewPartitionId: creating a partition with userId and teamId as 0"]
[195738][1696553294007][main][info]["userPartitionService~associateTransitPartition: ",{"partitionId":"bedc3068-238f-40fb-bd02-d2b034b25649","context":{"namespace":"users","userId":"19702064","teamId":"0"}}]
[195738][1696553294014][main][info]["userPartitionService: State of v8 partition system:"]
[195738][1696553294017][main][info]["userPartitionService: List of partitions:",[{"partitionId":"bedc3068-238f-40fb-bd02-d2b034b25649","namespace":"users","userId":"19702064","teamId":"0","lastUpdated":"2023-10-06T00:48:14.007Z"},{"partitionId":"d2f9ef1e-728a-4380-906c-3c643117e663","namespace":"scratchPad","userId":0,"teamId":0,"isDirty":false}]]
[195738][1696553294018][main][info]["userPartitionService: users global meta:",{}]
[195738][1696553302458][main][info]["Main~getRemoteInitPath:: "]
[195738][1696553302664][main][info]["Main - model-events~user - (user, update) received"]
[195738][1696553302665][main][info]["Main~reload: https://desktop.postman.com/?desktopVersion=10.18.7&userId=19702064&teamId=0"]
[195738][1696553302832][main][info]["UpdateHandler~app-update-events - Received event",{"name":"checkForElectronVersionUpdated","namespace":"appUpdate"}]
[195738][1696553302839][main][info]["windowManager: First requester booted successfully."]
[195738][1696553302839][main][info]["windowManager~restoreWindows: Restoring requester windows"]
[195738][1696553302839][main][info]["Main~AppEvents - Received booted event for process requester.Version 10.18.9 UI Version: 10.18.9-ui-230926-0710 Desktop Platform Version: 10.18.7"]
[195738][1696553302907][main][info]["Main~getRemoteInitPath:: "]
[195738][1696553302982][main][info]["Main~getPlatformLaunchPerfMetrics"]
[195738][1696553303226][main][info]["INTERCEPTOR CONNECTIVITY: Attempting to start websocket server on port 15611"]
[195738][1696553305301][main][info]["Main~getRemoteInitPath:: "]
[195738][1696553305500][main][info]["Main - model-events~user - (user, update) received"]
[195738][1696553305664][main][info]["UpdateHandler~app-update-events - Received event",{"name":"checkForElectronVersionUpdated","namespace":"appUpdate"}]
[195738][1696553305669][main][info]["Main~AppEvents - Received booted event for process requester.Version 10.18.9 UI Version: 10.18.9-ui-230926-0710 Desktop Platform Version: 10.18.7"]
[195738][1696553305697][main][info]["Main~getRemoteInitPath:: "]
[195738][1696553305931][main][info]["Main~getPlatformLaunchPerfMetrics"]
[195738][1696553306136][main][info]["Main - model-events~user - (user, bootstrapUser) received"]
[195738][1696553306136][main][info]["model-events~user - bootstrapUser received"]
[195738][1696553306144][main][info]["userPartitionService~associateTransitPartition: ",{"partitionId":"bedc3068-238f-40fb-bd02-d2b034b25649","context":{"namespace":"users","userId":"19702064","teamId":"0"}}]
[195738][1696553306151][main][info]["userPartitionService: State of v8 partition system:"]
[195738][1696553306153][main][info]["userPartitionService: List of partitions:",[{"partitionId":"bedc3068-238f-40fb-bd02-d2b034b25649","namespace":"users","userId":"19702064","teamId":"0","lastUpdated":"2023-10-06T00:48:26.144Z"},{"partitionId":"d2f9ef1e-728a-4380-906c-3c643117e663","namespace":"scratchPad","userId":0,"teamId":0,"isDirty":false}]]
[195738][1696553306153][main][info]["userPartitionService: users global meta:",{}]
[195738][1696553306793][main][info]["Main - model-events~user - (user, bootstrapUser) received"]
[195738][1696553306793][main][info]["model-events~user - bootstrapUser received"]
[195738][1696553306799][main][info]["userPartitionService~associateTransitPartition: ",{"partitionId":"bedc3068-238f-40fb-bd02-d2b034b25649","context":{"namespace":"users","userId":"19702064","teamId":"0"}}]
[195738][1696553306805][main][info]["userPartitionService: State of v8 partition system:"]
[195738][1696553306807][main][info]["userPartitionService: List of partitions:",[{"partitionId":"bedc3068-238f-40fb-bd02-d2b034b25649","namespace":"users","userId":"19702064","teamId":"0","lastUpdated":"2023-10-06T00:48:26.799Z"},{"partitionId":"d2f9ef1e-728a-4380-906c-3c643117e663","namespace":"scratchPad","userId":0,"teamId":0,"isDirty":false}]]
[195738][1696553306807][main][info]["userPartitionService: users global meta:",{}]
[195738][1696553316481][main][info]["UpdateHandler~app-update-events - Received event",{"name":"updateElectron","namespace":"appUpdate","data":{"channel":"stable","version":"10.18.7","downloadVersion":"10.18.10","appId":"b7f02c4a-0717-4c82-a10c-735d4ad0c2f2","userAgent":"Mozilla/5.0 (X11; Linux x86_64) AppleWebKit/537.36 (KHTML, like Gecko) Postman/10.18.7 Chrome/100.0.4896.160 Electron/18.3.5 Safari/537.36","platform":"LINUX","arch":"64","downloadURL":"https://dl.pstmn.io/download/version/10.18.10/linux_64","updateServerDomain":"https://dl.pstmn.io/","additionalParamsString":"installationId=b7f02c4a-0717-4c82-a10c-735d4ad0c2f2&userId=19702064&syncEnabled=true&teamPlan=&teamId=0","userId":"19702064"}}]
[195738][1696553316482][main][info]["LinuxUpdater~downloadUpdate - UpdateInfo received",{"channel":"stable","version":"10.18.7","downloadVersion":"10.18.10","appId":"b7f02c4a-0717-4c82-a10c-735d4ad0c2f2","userAgent":"Mozilla/5.0 (X11; Linux x86_64) AppleWebKit/537.36 (KHTML, like Gecko) Postman/10.18.7 Chrome/100.0.4896.160 Electron/18.3.5 Safari/537.36","platform":"LINUX","arch":"64","downloadURL":"https://dl.pstmn.io/download/version/10.18.10/linux_64","updateServerDomain":"https://dl.pstmn.io/","additionalParamsString":"installationId=b7f02c4a-0717-4c82-a10c-735d4ad0c2f2&userId=19702064&syncEnabled=true&teamPlan=&teamId=0","userId":"19702064"}]
[195738][1696553316765][main][info]["@postman/app-updater: error",{"errno":-13,"code":"EACCES","syscall":"open","path":"/opt/postman/Postman-1696553316482.tar.gz","name":"Error","message":"EACCES: permission denied, open '/opt/postman/Postman-1696553316482.tar.gz'","stack":"Error: EACCES: permission denied, open '/opt/postman/Postman-1696553316482.tar.gz'"},{"packageName":"Postman","eID":"Postman-1696553316482","downloadURL":"https://dl.pstmn.io/download/version/10.18.10/linux_64","downloadDirectory":"/opt/postman","downloadInfo":{"status":"DOWNLOAD_ERROR","error":{"errno":-13,"code":"EACCES","syscall":"open","path":"/opt/postman/Postman-1696553316482.tar.gz"},"downloadDirectory":"/opt/postman"}}]
[195738][1696553316765][main][info]["UpdateHandler~app-update-events - Received event",{"name":"electronAppUpdateError","namespace":"appUpdate","data":{"error":{"errno":-13,"code":"EACCES","syscall":"open","path":"/opt/postman/Postman-1696553316482.tar.gz","name":"Error","message":"EACCES: permission denied, open '/opt/postman/Postman-1696553316482.tar.gz'","stack":"Error: EACCES: permission denied, open '/opt/postman/Postman-1696553316482.tar.gz'"},"updateData":{"packageName":"Postman","eID":"Postman-1696553316482","downloadURL":"https://dl.pstmn.io/download/version/10.18.10/linux_64","downloadDirectory":"/opt/postman","downloadInfo":{"status":"DOWNLOAD_ERROR","error":{"errno":-13,"code":"EACCES","syscall":"open","path":"/opt/postman/Postman-1696553316482.tar.gz"},"downloadDirectory":"/opt/postman"}}}}]
[195738][1696553840087][main][info]["WindowManager~closeHandler - Closed Window (id: 3 )"]
[195738][1696553840099][main][error]["Main~handleUncaughtError - Uncaught errors",{"name":"TypeError","message":"Cannot read properties of undefined (reading 'send')","stack":"TypeError: Cannot read properties of undefined (reading 'send')\n    at Object.sendMessageToInterceptor (/opt/postman/app/resources/app/services/websocketServer.js:144:10)\n    at Object.requesterWindowHandler (/opt/postman/app/resources/app/services/websocketServer.js:389:14)\n    at EventEmitter.emit (node:events:402:35)\n    at EventEmitter.emit (node:domain:475:12)\n    at _dispatch (/opt/postman/app/resources/app/common/_event-bus.js:256:14)\n    at EventBus._publish (/opt/postman/app/resources/app/common/_event-bus.js:207:9)\n    at Object.closedHandler (/opt/postman/app/resources/app/services/windowManager.js:1062:18)\n    at BrowserWindow.emit (node:events:390:28)\n    at BrowserWindow.emit (node:domain:475:12)"}]
